2025-03-01 09:08:34,369 - doc_deleter - INFO - Starting deletion process at 2025-03-01 09:08:34
2025-03-01 09:08:34,370 - doc_deleter - INFO - Found 1 files to delete: ['SimpleCRM - STLC BA Role & Responsibilities Collateral June 2023.pdf']
2025-03-01 09:08:34,371 - doc_deleter - INFO - Connecting to ChromaDB at ./chroma_db
2025-03-01 09:08:34,556 - chromadb.telemetry.product.posthog - INFO - Anonymized telemetry enabled. See                     https://docs.trychroma.com/telemetry for more information.
2025-03-01 09:08:34,777 - doc_deleter - INFO - Successfully connected to ChromaDB
2025-03-01 09:08:34,777 - doc_deleter - INFO - Processing file 1/1: SimpleCRM - STLC BA Role & Responsibilities Collateral June 2023.pdf
2025-03-01 09:08:34,798 - doc_deleter - INFO - Found 13 embeddings for SimpleCRM - STLC BA Role & Responsibilities Collateral June 2023.pdf
2025-03-01 09:29:34,590 - doc_deleter - INFO - Starting deletion process at 2025-03-01 09:29:34
2025-03-01 09:29:34,591 - doc_deleter - INFO - Found 3 files to delete: ['SimpleCRM - STLC BA Role & Responsibilities Collateral June 2023.pdf', 'SimpleCRM - SDLC BA Role & Responsibilities Collateral June 2023.pdf', 'Aditya-Internship Spiral.pdf']
2025-03-01 09:29:34,592 - doc_deleter - INFO - Connecting to ChromaDB at ./chroma_db
2025-03-01 09:29:34,821 - chromadb.telemetry.product.posthog - INFO - Anonymized telemetry enabled. See                     https://docs.trychroma.com/telemetry for more information.
2025-03-01 09:29:35,074 - doc_deleter - INFO - Successfully connected to ChromaDB
2025-03-01 09:29:35,075 - doc_deleter - INFO - Processing file 1/3: SimpleCRM - STLC BA Role & Responsibilities Collateral June 2023.pdf
2025-03-01 09:29:35,097 - doc_deleter - INFO - Found 13 embeddings for SimpleCRM - STLC BA Role & Responsibilities Collateral June 2023.pdf
2025-03-01 09:34:51,551 - doc_deleter - INFO - Starting deletion process at 2025-03-01 09:34:51
2025-03-01 09:34:51,552 - doc_deleter - INFO - Found 3 files to delete: ['SimpleCRM - STLC BA Role & Responsibilities Collateral June 2023.pdf', 'SimpleCRM - SDLC BA Role & Responsibilities Collateral June 2023.pdf', 'Aditya-Internship Spiral.pdf']
2025-03-01 09:34:51,553 - doc_deleter - INFO - Connecting to ChromaDB at ./chroma_db
2025-03-01 09:34:51,797 - chromadb.telemetry.product.posthog - INFO - Anonymized telemetry enabled. See                     https://docs.trychroma.com/telemetry for more information.
2025-03-01 09:34:52,054 - doc_deleter - INFO - Successfully connected to ChromaDB
2025-03-01 09:34:52,055 - doc_deleter - INFO - Processing file 1/3: SimpleCRM - STLC BA Role & Responsibilities Collateral June 2023.pdf
2025-03-01 09:34:52,086 - doc_deleter - INFO - Found 13 embeddings for SimpleCRM - STLC BA Role & Responsibilities Collateral June 2023.pdf
